[0m22:19:38.894211 [debug] [MainThread]: Sending event: {'category': 'dbt', 'action': 'invocation', 'label': 'start', 'context': [<snowplow_tracker.self_describing_json.SelfDescribingJson object at 0x7f508f1bbb50>, <snowplow_tracker.self_describing_json.SelfDescribingJson object at 0x7f508d8c9f00>, <snowplow_tracker.self_describing_json.SelfDescribingJson object at 0x7f508d8c9db0>]}


============================== 22:19:38.973264 | 9d26b6e6-26cc-4fdb-9b02-f5baca6b0374 ==============================
[0m22:19:38.973264 [info ] [MainThread]: Running with dbt=1.7.7
[0m22:19:38.975350 [debug] [MainThread]: running dbt with arguments {'printer_width': '80', 'indirect_selection': 'eager', 'log_cache_events': 'False', 'write_json': 'True', 'partial_parse': 'True', 'cache_selected_only': 'False', 'profiles_dir': '/home/agustin/.dbt', 'fail_fast': 'False', 'version_check': 'True', 'log_path': '/home/agustin/Documentos/challenge-dbt-airflow/logs', 'debug': 'False', 'warn_error': 'None', 'use_colors': 'True', 'use_experimental_parser': 'False', 'no_print': 'None', 'quiet': 'False', 'warn_error_options': 'WarnErrorOptions(include=[], exclude=[])', 'static_parser': 'True', 'invocation_command': 'dbt run', 'introspect': 'True', 'target_path': 'None', 'log_format': 'default', 'send_anonymous_usage_stats': 'True'}
[0m22:19:39.354932 [debug] [MainThread]: Sending event: {'category': 'dbt', 'action': 'project_id', 'label': '9d26b6e6-26cc-4fdb-9b02-f5baca6b0374', 'context': [<snowplow_tracker.self_describing_json.SelfDescribingJson object at 0x7f508d5f2920>]}
[0m22:19:39.556873 [debug] [MainThread]: Sending event: {'category': 'dbt', 'action': 'adapter_info', 'label': '9d26b6e6-26cc-4fdb-9b02-f5baca6b0374', 'context': [<snowplow_tracker.self_describing_json.SelfDescribingJson object at 0x7f508dfa0f70>]}
[0m22:19:39.560548 [info ] [MainThread]: Registered adapter: postgres=1.7.7
[0m22:19:39.601096 [debug] [MainThread]: checksum: 54188551c516f4dd1c42b8d9c289f2bf49f18ae42632e2ba36a64ad29fd60da4, vars: {}, profile: , target: , version: 1.7.7
[0m22:19:39.603190 [info ] [MainThread]: Unable to do partial parsing because saved manifest not found. Starting full parse.
[0m22:19:39.604982 [debug] [MainThread]: Sending event: {'category': 'dbt', 'action': 'partial_parser', 'label': '9d26b6e6-26cc-4fdb-9b02-f5baca6b0374', 'context': [<snowplow_tracker.self_describing_json.SelfDescribingJson object at 0x7f508f3c6740>]}
[0m22:19:41.141193 [warn ] [MainThread]: [[33mWARNING[0m]: Configuration paths exist in your dbt_project.yml file which do not apply to any resources.
There are 6 unused configuration paths:
- models.dbt_airflow.challenge.cines_insights
- models.dbt_airflow.challenge.bibliotecas
- models.dbt_airflow.challenge.cines
- models.dbt_airflow.challenge.museos
- models.dbt_airflow.challenge.size_by_category
- models.dbt_airflow.challenge.size_by_categoty_province
[0m22:19:41.150874 [debug] [MainThread]: Sending event: {'category': 'dbt', 'action': 'load_project', 'label': '9d26b6e6-26cc-4fdb-9b02-f5baca6b0374', 'context': [<snowplow_tracker.self_describing_json.SelfDescribingJson object at 0x7f508cf90d60>]}
[0m22:19:41.167909 [debug] [MainThread]: Sending event: {'category': 'dbt', 'action': 'resource_counts', 'label': '9d26b6e6-26cc-4fdb-9b02-f5baca6b0374', 'context': [<snowplow_tracker.self_describing_json.SelfDescribingJson object at 0x7f508f3c6740>]}
[0m22:19:41.169226 [info ] [MainThread]: Found 0 sources, 0 exposures, 0 metrics, 401 macros, 0 groups, 0 semantic models
[0m22:19:41.171003 [debug] [MainThread]: Sending event: {'category': 'dbt', 'action': 'runnable_timing', 'label': '9d26b6e6-26cc-4fdb-9b02-f5baca6b0374', 'context': [<snowplow_tracker.self_describing_json.SelfDescribingJson object at 0x7f508d8aee60>]}
[0m22:19:41.174783 [info ] [MainThread]: 
[0m22:19:41.176982 [warn ] [MainThread]: Nothing to do. Try checking your model configs and model specification args
[0m22:19:41.179552 [debug] [MainThread]: Command end result
[0m22:19:41.195685 [debug] [MainThread]: Resource report: {"command_name": "run", "command_success": true, "command_wall_clock_time": 2.5197024, "process_user_time": 9.072863, "process_kernel_time": 0.529482, "process_mem_max_rss": "102084", "process_in_blocks": "28336", "process_out_blocks": "24904"}
[0m22:19:41.199519 [debug] [MainThread]: Command `dbt run` succeeded at 22:19:41.198675 after 2.52 seconds
[0m22:19:41.201172 [debug] [MainThread]: Sending event: {'category': 'dbt', 'action': 'invocation', 'label': 'end', 'context': [<snowplow_tracker.self_describing_json.SelfDescribingJson object at 0x7f508f1bbb50>, <snowplow_tracker.self_describing_json.SelfDescribingJson object at 0x7f508d8af430>, <snowplow_tracker.self_describing_json.SelfDescribingJson object at 0x7f508cf91c30>]}
[0m22:19:41.202691 [debug] [MainThread]: Flushing usage events
[0m22:22:50.715130 [debug] [MainThread]: Sending event: {'category': 'dbt', 'action': 'invocation', 'label': 'start', 'context': [<snowplow_tracker.self_describing_json.SelfDescribingJson object at 0x7f26eb7a2a10>, <snowplow_tracker.self_describing_json.SelfDescribingJson object at 0x7f26e9a5e2f0>, <snowplow_tracker.self_describing_json.SelfDescribingJson object at 0x7f26e9a5e290>]}


============================== 22:22:50.720094 | d7263833-381b-4e84-812b-9ee13553b0ee ==============================
[0m22:22:50.720094 [info ] [MainThread]: Running with dbt=1.7.7
[0m22:22:50.721416 [debug] [MainThread]: running dbt with arguments {'printer_width': '80', 'indirect_selection': 'eager', 'write_json': 'True', 'log_cache_events': 'False', 'partial_parse': 'True', 'cache_selected_only': 'False', 'warn_error': 'None', 'version_check': 'True', 'debug': 'False', 'log_path': '/home/agustin/Documentos/challenge-dbt-airflow/logs', 'profiles_dir': '/home/agustin/.dbt', 'fail_fast': 'False', 'use_colors': 'True', 'use_experimental_parser': 'False', 'no_print': 'None', 'quiet': 'False', 'log_format': 'default', 'invocation_command': 'dbt debug', 'static_parser': 'True', 'introspect': 'True', 'target_path': 'None', 'warn_error_options': 'WarnErrorOptions(include=[], exclude=[])', 'send_anonymous_usage_stats': 'True'}
[0m22:22:50.722703 [info ] [MainThread]: dbt version: 1.7.7
[0m22:22:50.723757 [info ] [MainThread]: python version: 3.10.12
[0m22:22:50.724856 [info ] [MainThread]: python path: /home/agustin/.cache/pypoetry/virtualenvs/dbt-airflow-33NceYNu-py3.10/bin/python
[0m22:22:50.726037 [info ] [MainThread]: os info: Linux-6.5.0-15-generic-x86_64-with-glibc2.35
[0m22:22:50.896430 [info ] [MainThread]: Using profiles dir at /home/agustin/.dbt
[0m22:22:50.897423 [info ] [MainThread]: Using profiles.yml file at /home/agustin/.dbt/profiles.yml
[0m22:22:50.898319 [info ] [MainThread]: Using dbt_project.yml file at /home/agustin/Documentos/challenge-dbt-airflow/dbt_project.yml
[0m22:22:50.899414 [info ] [MainThread]: adapter type: postgres
[0m22:22:50.900247 [info ] [MainThread]: adapter version: 1.7.7
[0m22:22:51.062617 [info ] [MainThread]: Configuration:
[0m22:22:51.063673 [info ] [MainThread]:   profiles.yml file [[32mOK found and valid[0m]
[0m22:22:51.064608 [info ] [MainThread]:   dbt_project.yml file [[32mOK found and valid[0m]
[0m22:22:51.065636 [info ] [MainThread]: Required dependencies:
[0m22:22:51.066584 [debug] [MainThread]: Executing "git --help"
[0m22:22:51.147185 [debug] [MainThread]: STDOUT: "b"uso: git [-v | --version] [-h | --help] [-C <path>] [-c <name>=<value>]\n           [--exec-path[=<path>]] [--html-path] [--man-path] [--info-path]\n           [-p | --paginate | -P | --no-pager] [--no-replace-objects] [--bare]\n           [--git-dir=<path>] [--work-tree=<path>] [--namespace=<name>]\n           [--config-env=<name>=<envvar>] <command> [<args>]\n\nEstos son comandos comunes de Git usados en varias situaciones:\n\ncomenzar un \xc3\xa1rea de trabajo (mira tambi\xc3\xa9n: git help tutorial)\n   clone     Clonar un repositorio dentro de un nuevo directorio\n   init      Crear un repositorio de Git vac\xc3\xado o reinicia el que ya existe\n\ntrabajar en los cambios actuales (mira tambi\xc3\xa9n: git help everyday)\n   add       Agregar contenido de archivos al \xc3\xadndice\n   mv        Mover o cambiar el nombre a archivos, directorios o enlaces simb\xc3\xb3licos\n   restore   Restaurar archivos del \xc3\xa1rbol de trabajo\n   rm        Borrar archivos del \xc3\xa1rbol de trabajo y del \xc3\xadndice\n\nexaminar el historial y el estado (mira tambi\xc3\xa9n: git help revisions)\n   bisect    Usar la b\xc3\xbasqueda binaria para encontrar el commit que introdujo el bug\n   diff      Mostrar los cambios entre commits, commit y \xc3\xa1rbol de trabajo, etc\n   grep      Imprimir las l\xc3\xadneas que concuerden con el patr\xc3\xb3n\n   log       Mostrar los logs de los commits\n   show      Mostrar varios tipos de objetos\n   status    Mostrar el estado del \xc3\xa1rbol de trabajo\n\ncrecer, marcar y ajustar tu historial com\xc3\xban\n   branch    Listar, crear, o borrar ramas\n   commit    Grabar los cambios al repositorio\n   merge     Juntar dos o m\xc3\xa1s historiales de desarrollo juntos\n   rebase    Volver a aplicar commits en la punta de otra rama\n   reset     Reiniciar el HEAD actual a un estado espec\xc3\xadfico\n   switch    Cambiar de branch\n   tag       Crear, listar, borrar o verificar un objeto de tag firmado con GPG\n\ncolaborar (mira tambi\xc3\xa9n: git help workflows)\n   fetch     Descargar objetos y referencias de otro repositorio\n   pull      Realizar un fetch e integra con otro repositorio o rama local\n   push      Actualizar referencias remotas junto con sus objetos asociados\n\n'git help -a' y 'git help -g' listan los subcomandos disponibles y algunas\ngu\xc3\xadas de concepto. Consulta 'git help <command>' o 'git help <concepto>'\npara leer sobre un subcomando o concepto espec\xc3\xadfico.\nMira 'git help git' para una vista general del sistema.\n""
[0m22:22:51.149426 [debug] [MainThread]: STDERR: "b''"
[0m22:22:51.151150 [info ] [MainThread]:  - git [[32mOK found[0m]

[0m22:22:51.153079 [info ] [MainThread]: Connection:
[0m22:22:51.154987 [info ] [MainThread]:   host: localhost
[0m22:22:51.156799 [info ] [MainThread]:   port: 5432
[0m22:22:51.159466 [info ] [MainThread]:   user: postgres
[0m22:22:51.162881 [info ] [MainThread]:   database: data-challenge-dbt
[0m22:22:51.166482 [info ] [MainThread]:   schema: public
[0m22:22:51.169846 [info ] [MainThread]:   connect_timeout: 10
[0m22:22:51.173059 [info ] [MainThread]:   role: None
[0m22:22:51.175435 [info ] [MainThread]:   search_path: None
[0m22:22:51.177685 [info ] [MainThread]:   keepalives_idle: 0
[0m22:22:51.179646 [info ] [MainThread]:   sslmode: None
[0m22:22:51.181828 [info ] [MainThread]:   sslcert: None
[0m22:22:51.184412 [info ] [MainThread]:   sslkey: None
[0m22:22:51.187267 [info ] [MainThread]:   sslrootcert: None
[0m22:22:51.188584 [info ] [MainThread]:   application_name: dbt
[0m22:22:51.189399 [info ] [MainThread]:   retries: 1
[0m22:22:51.190602 [info ] [MainThread]: Registered adapter: postgres=1.7.7
[0m22:22:51.193004 [debug] [MainThread]: Acquiring new postgres connection 'debug'
[0m22:22:51.195844 [debug] [MainThread]: Using postgres connection "debug"
[0m22:22:51.197552 [debug] [MainThread]: On debug: select 1 as id
[0m22:22:51.199163 [debug] [MainThread]: Opening a new connection, currently in state init
[0m22:22:51.209361 [debug] [MainThread]: SQL status: SELECT 1 in 0.0 seconds
[0m22:22:51.212453 [debug] [MainThread]: On debug: Close
[0m22:22:51.214470 [info ] [MainThread]:   Connection test: [[32mOK connection ok[0m]

[0m22:22:51.216376 [info ] [MainThread]: [32mAll checks passed![0m
[0m22:22:51.219859 [debug] [MainThread]: Resource report: {"command_name": "debug", "command_success": true, "command_wall_clock_time": 0.5882162, "process_user_time": 4.468576, "process_kernel_time": 0.15602, "process_mem_max_rss": "97964", "process_out_blocks": "16", "process_in_blocks": "0"}
[0m22:22:51.222493 [debug] [MainThread]: Command `dbt debug` succeeded at 22:22:51.221763 after 0.59 seconds
[0m22:22:51.224589 [debug] [MainThread]: Connection 'debug' was properly closed.
[0m22:22:51.226927 [debug] [MainThread]: Sending event: {'category': 'dbt', 'action': 'invocation', 'label': 'end', 'context': [<snowplow_tracker.self_describing_json.SelfDescribingJson object at 0x7f26eb7a2a10>, <snowplow_tracker.self_describing_json.SelfDescribingJson object at 0x7f26e9300520>, <snowplow_tracker.self_describing_json.SelfDescribingJson object at 0x7f26e9787070>]}
[0m22:22:51.228218 [debug] [MainThread]: Flushing usage events
[0m22:25:43.582829 [debug] [MainThread]: Sending event: {'category': 'dbt', 'action': 'invocation', 'label': 'start', 'context': [<snowplow_tracker.self_describing_json.SelfDescribingJson object at 0x7f65ed5af820>, <snowplow_tracker.self_describing_json.SelfDescribingJson object at 0x7f65eb62e410>, <snowplow_tracker.self_describing_json.SelfDescribingJson object at 0x7f65eb62e3b0>]}


============================== 22:25:43.589459 | a3ca9b76-ff20-43c6-be89-a4d184632f7c ==============================
[0m22:25:43.589459 [info ] [MainThread]: Running with dbt=1.7.7
[0m22:25:43.590889 [debug] [MainThread]: running dbt with arguments {'printer_width': '80', 'indirect_selection': 'eager', 'write_json': 'True', 'log_cache_events': 'False', 'partial_parse': 'True', 'cache_selected_only': 'False', 'warn_error': 'None', 'version_check': 'True', 'fail_fast': 'False', 'log_path': '/home/agustin/Documentos/challenge-dbt-airflow/logs', 'profiles_dir': '/home/agustin/.dbt', 'debug': 'False', 'use_colors': 'True', 'use_experimental_parser': 'False', 'no_print': 'None', 'quiet': 'False', 'log_format': 'default', 'introspect': 'True', 'static_parser': 'True', 'invocation_command': 'dbt run', 'target_path': 'None', 'warn_error_options': 'WarnErrorOptions(include=[], exclude=[])', 'send_anonymous_usage_stats': 'True'}
[0m22:25:43.988695 [debug] [MainThread]: Sending event: {'category': 'dbt', 'action': 'project_id', 'label': 'a3ca9b76-ff20-43c6-be89-a4d184632f7c', 'context': [<snowplow_tracker.self_describing_json.SelfDescribingJson object at 0x7f65eafcb4c0>]}
[0m22:25:44.159752 [debug] [MainThread]: Sending event: {'category': 'dbt', 'action': 'adapter_info', 'label': 'a3ca9b76-ff20-43c6-be89-a4d184632f7c', 'context': [<snowplow_tracker.self_describing_json.SelfDescribingJson object at 0x7f65ea72b0d0>]}
[0m22:25:44.161163 [info ] [MainThread]: Registered adapter: postgres=1.7.7
[0m22:25:44.177516 [debug] [MainThread]: checksum: 54188551c516f4dd1c42b8d9c289f2bf49f18ae42632e2ba36a64ad29fd60da4, vars: {}, profile: , target: , version: 1.7.7
[0m22:25:44.196495 [info ] [MainThread]: Unable to do partial parsing because profile has changed
[0m22:25:44.197705 [debug] [MainThread]: Sending event: {'category': 'dbt', 'action': 'partial_parser', 'label': 'a3ca9b76-ff20-43c6-be89-a4d184632f7c', 'context': [<snowplow_tracker.self_describing_json.SelfDescribingJson object at 0x7f65eabb43a0>]}
[0m22:25:46.216962 [warn ] [MainThread]: [[33mWARNING[0m]: Configuration paths exist in your dbt_project.yml file which do not apply to any resources.
There are 6 unused configuration paths:
- models.dbt_airflow.challenge.size_by_category
- models.dbt_airflow.challenge.cines
- models.dbt_airflow.challenge.bibliotecas
- models.dbt_airflow.challenge.museos
- models.dbt_airflow.challenge.cines_insights
- models.dbt_airflow.challenge.size_by_categoty_province
[0m22:25:46.230484 [debug] [MainThread]: Sending event: {'category': 'dbt', 'action': 'load_project', 'label': 'a3ca9b76-ff20-43c6-be89-a4d184632f7c', 'context': [<snowplow_tracker.self_describing_json.SelfDescribingJson object at 0x7f65ea7b42b0>]}
[0m22:25:46.246897 [debug] [MainThread]: Sending event: {'category': 'dbt', 'action': 'resource_counts', 'label': 'a3ca9b76-ff20-43c6-be89-a4d184632f7c', 'context': [<snowplow_tracker.self_describing_json.SelfDescribingJson object at 0x7f65ea7b5090>]}
[0m22:25:46.248037 [info ] [MainThread]: Found 0 sources, 0 exposures, 0 metrics, 401 macros, 0 groups, 0 semantic models
[0m22:25:46.249597 [debug] [MainThread]: Sending event: {'category': 'dbt', 'action': 'runnable_timing', 'label': 'a3ca9b76-ff20-43c6-be89-a4d184632f7c', 'context': [<snowplow_tracker.self_describing_json.SelfDescribingJson object at 0x7f65eab00cd0>]}
[0m22:25:46.252176 [info ] [MainThread]: 
[0m22:25:46.253916 [warn ] [MainThread]: Nothing to do. Try checking your model configs and model specification args
[0m22:25:46.255782 [debug] [MainThread]: Command end result
[0m22:25:46.278142 [debug] [MainThread]: Resource report: {"command_name": "run", "command_success": true, "command_wall_clock_time": 2.8127446, "process_user_time": 6.30888, "process_kernel_time": 0.167916, "process_mem_max_rss": "102120", "process_out_blocks": "2280", "process_in_blocks": "0"}
[0m22:25:46.280311 [debug] [MainThread]: Command `dbt run` succeeded at 22:25:46.279785 after 2.82 seconds
[0m22:25:46.281928 [debug] [MainThread]: Sending event: {'category': 'dbt', 'action': 'invocation', 'label': 'end', 'context': [<snowplow_tracker.self_describing_json.SelfDescribingJson object at 0x7f65ed5af820>, <snowplow_tracker.self_describing_json.SelfDescribingJson object at 0x7f65ebf54e20>, <snowplow_tracker.self_describing_json.SelfDescribingJson object at 0x7f65eafcb4c0>]}
[0m22:25:46.283665 [debug] [MainThread]: Flushing usage events
[0m22:27:58.470059 [debug] [MainThread]: Sending event: {'category': 'dbt', 'action': 'invocation', 'label': 'start', 'context': [<snowplow_tracker.self_describing_json.SelfDescribingJson object at 0x7efecb677820>, <snowplow_tracker.self_describing_json.SelfDescribingJson object at 0x7efec993a410>, <snowplow_tracker.self_describing_json.SelfDescribingJson object at 0x7efec993a3b0>]}


============================== 22:27:58.476805 | 2deaed55-a36e-45ab-8ec0-d385ccdb9d88 ==============================
[0m22:27:58.476805 [info ] [MainThread]: Running with dbt=1.7.7
[0m22:27:58.478126 [debug] [MainThread]: running dbt with arguments {'printer_width': '80', 'indirect_selection': 'eager', 'log_cache_events': 'False', 'write_json': 'True', 'partial_parse': 'True', 'cache_selected_only': 'False', 'profiles_dir': '/home/agustin/.dbt', 'fail_fast': 'False', 'debug': 'False', 'log_path': '/home/agustin/Documentos/challenge-dbt-airflow/logs', 'version_check': 'True', 'warn_error': 'None', 'use_colors': 'True', 'use_experimental_parser': 'False', 'no_print': 'None', 'quiet': 'False', 'log_format': 'default', 'introspect': 'True', 'static_parser': 'True', 'warn_error_options': 'WarnErrorOptions(include=[], exclude=[])', 'target_path': 'None', 'invocation_command': 'dbt run', 'send_anonymous_usage_stats': 'True'}
[0m22:27:58.877052 [debug] [MainThread]: Sending event: {'category': 'dbt', 'action': 'project_id', 'label': '2deaed55-a36e-45ab-8ec0-d385ccdb9d88', 'context': [<snowplow_tracker.self_describing_json.SelfDescribingJson object at 0x7efec933f4c0>]}
[0m22:27:59.106178 [debug] [MainThread]: Sending event: {'category': 'dbt', 'action': 'adapter_info', 'label': '2deaed55-a36e-45ab-8ec0-d385ccdb9d88', 'context': [<snowplow_tracker.self_describing_json.SelfDescribingJson object at 0x7efec8b030d0>]}
[0m22:27:59.107643 [info ] [MainThread]: Registered adapter: postgres=1.7.7
[0m22:27:59.126031 [debug] [MainThread]: checksum: 54188551c516f4dd1c42b8d9c289f2bf49f18ae42632e2ba36a64ad29fd60da4, vars: {}, profile: , target: , version: 1.7.7
[0m22:27:59.142728 [info ] [MainThread]: Unable to do partial parsing because a project config has changed
[0m22:27:59.143788 [debug] [MainThread]: Sending event: {'category': 'dbt', 'action': 'partial_parser', 'label': '2deaed55-a36e-45ab-8ec0-d385ccdb9d88', 'context': [<snowplow_tracker.self_describing_json.SelfDescribingJson object at 0x7efec8f8c3a0>]}
[0m22:28:00.577832 [warn ] [MainThread]: [[33mWARNING[0m]: Configuration paths exist in your dbt_project.yml file which do not apply to any resources.
There are 6 unused configuration paths:
- models.dbt_airflow.dbt_airflow.bibliotecas
- models.dbt_airflow.dbt_airflow.size_by_category
- models.dbt_airflow.dbt_airflow.cines
- models.dbt_airflow.dbt_airflow.size_by_categoty_province
- models.dbt_airflow.dbt_airflow.museos
- models.dbt_airflow.dbt_airflow.cines_insights
[0m22:28:00.588918 [debug] [MainThread]: Sending event: {'category': 'dbt', 'action': 'load_project', 'label': '2deaed55-a36e-45ab-8ec0-d385ccdb9d88', 'context': [<snowplow_tracker.self_describing_json.SelfDescribingJson object at 0x7efec8bb1240>]}
[0m22:28:00.613198 [debug] [MainThread]: Sending event: {'category': 'dbt', 'action': 'resource_counts', 'label': '2deaed55-a36e-45ab-8ec0-d385ccdb9d88', 'context': [<snowplow_tracker.self_describing_json.SelfDescribingJson object at 0x7efec8bb0100>]}
[0m22:28:00.615487 [info ] [MainThread]: Found 0 sources, 0 exposures, 0 metrics, 401 macros, 0 groups, 0 semantic models
[0m22:28:00.618236 [debug] [MainThread]: Sending event: {'category': 'dbt', 'action': 'runnable_timing', 'label': '2deaed55-a36e-45ab-8ec0-d385ccdb9d88', 'context': [<snowplow_tracker.self_describing_json.SelfDescribingJson object at 0x7efec936ccd0>]}
[0m22:28:00.622879 [info ] [MainThread]: 
[0m22:28:00.625530 [warn ] [MainThread]: Nothing to do. Try checking your model configs and model specification args
[0m22:28:00.627488 [debug] [MainThread]: Command end result
[0m22:28:00.644971 [debug] [MainThread]: Resource report: {"command_name": "run", "command_success": true, "command_wall_clock_time": 2.2820303, "process_user_time": 5.972852, "process_kernel_time": 0.195896, "process_mem_max_rss": "101464", "process_out_blocks": "2272", "process_in_blocks": "0"}
[0m22:28:00.647190 [debug] [MainThread]: Command `dbt run` succeeded at 22:28:00.646597 after 2.28 seconds
[0m22:28:00.649481 [debug] [MainThread]: Sending event: {'category': 'dbt', 'action': 'invocation', 'label': 'end', 'context': [<snowplow_tracker.self_describing_json.SelfDescribingJson object at 0x7efecb677820>, <snowplow_tracker.self_describing_json.SelfDescribingJson object at 0x7efeca4ace20>, <snowplow_tracker.self_describing_json.SelfDescribingJson object at 0x7efec933f4c0>]}
[0m22:28:00.651662 [debug] [MainThread]: Flushing usage events
[0m22:29:20.436151 [debug] [MainThread]: Sending event: {'category': 'dbt', 'action': 'invocation', 'label': 'start', 'context': [<snowplow_tracker.self_describing_json.SelfDescribingJson object at 0x7f26c4c777f0>, <snowplow_tracker.self_describing_json.SelfDescribingJson object at 0x7f26c2f36440>, <snowplow_tracker.self_describing_json.SelfDescribingJson object at 0x7f26c2f363e0>]}


============================== 22:29:20.440761 | 79d67581-0ce7-4d3a-a02a-90bb8d16ad59 ==============================
[0m22:29:20.440761 [info ] [MainThread]: Running with dbt=1.7.7
[0m22:29:20.442056 [debug] [MainThread]: running dbt with arguments {'printer_width': '80', 'indirect_selection': 'eager', 'write_json': 'True', 'log_cache_events': 'False', 'partial_parse': 'True', 'cache_selected_only': 'False', 'warn_error': 'None', 'version_check': 'True', 'fail_fast': 'False', 'log_path': '/home/agustin/Documentos/challenge-dbt-airflow/logs', 'profiles_dir': '/home/agustin/.dbt', 'debug': 'False', 'use_colors': 'True', 'use_experimental_parser': 'False', 'no_print': 'None', 'quiet': 'False', 'warn_error_options': 'WarnErrorOptions(include=[], exclude=[])', 'static_parser': 'True', 'invocation_command': 'dbt run', 'introspect': 'True', 'target_path': 'None', 'log_format': 'default', 'send_anonymous_usage_stats': 'True'}
[0m22:29:20.754325 [debug] [MainThread]: Sending event: {'category': 'dbt', 'action': 'project_id', 'label': '79d67581-0ce7-4d3a-a02a-90bb8d16ad59', 'context': [<snowplow_tracker.self_describing_json.SelfDescribingJson object at 0x7f26c293da20>]}
[0m22:29:20.925409 [debug] [MainThread]: Sending event: {'category': 'dbt', 'action': 'adapter_info', 'label': '79d67581-0ce7-4d3a-a02a-90bb8d16ad59', 'context': [<snowplow_tracker.self_describing_json.SelfDescribingJson object at 0x7f26c2104ca0>]}
[0m22:29:20.926819 [info ] [MainThread]: Registered adapter: postgres=1.7.7
[0m22:29:20.944220 [debug] [MainThread]: checksum: 54188551c516f4dd1c42b8d9c289f2bf49f18ae42632e2ba36a64ad29fd60da4, vars: {}, profile: , target: , version: 1.7.7
[0m22:29:20.962092 [info ] [MainThread]: Unable to do partial parsing because a project config has changed
[0m22:29:20.963078 [debug] [MainThread]: Sending event: {'category': 'dbt', 'action': 'partial_parser', 'label': '79d67581-0ce7-4d3a-a02a-90bb8d16ad59', 'context': [<snowplow_tracker.self_describing_json.SelfDescribingJson object at 0x7f26c2596020>]}
[0m22:29:22.320399 [warn ] [MainThread]: [[33mWARNING[0m]: Configuration paths exist in your dbt_project.yml file which do not apply to any resources.
There are 6 unused configuration paths:
- models.dbt_airflow.size_by_category
- models.dbt_airflow.size_by_categoty_province
- models.dbt_airflow.cines
- models.dbt_airflow.museos
- models.dbt_airflow.bibliotecas
- models.dbt_airflow.cines_insights
[0m22:29:22.329965 [debug] [MainThread]: Sending event: {'category': 'dbt', 'action': 'load_project', 'label': '79d67581-0ce7-4d3a-a02a-90bb8d16ad59', 'context': [<snowplow_tracker.self_describing_json.SelfDescribingJson object at 0x7f26c1d04df0>]}
[0m22:29:22.346918 [debug] [MainThread]: Sending event: {'category': 'dbt', 'action': 'resource_counts', 'label': '79d67581-0ce7-4d3a-a02a-90bb8d16ad59', 'context': [<snowplow_tracker.self_describing_json.SelfDescribingJson object at 0x7f26c1d04ca0>]}
[0m22:29:22.348736 [info ] [MainThread]: Found 0 sources, 0 exposures, 0 metrics, 401 macros, 0 groups, 0 semantic models
[0m22:29:22.350458 [debug] [MainThread]: Sending event: {'category': 'dbt', 'action': 'runnable_timing', 'label': '79d67581-0ce7-4d3a-a02a-90bb8d16ad59', 'context': [<snowplow_tracker.self_describing_json.SelfDescribingJson object at 0x7f26c2516050>]}
[0m22:29:22.354408 [info ] [MainThread]: 
[0m22:29:22.355632 [warn ] [MainThread]: Nothing to do. Try checking your model configs and model specification args
[0m22:29:22.357140 [debug] [MainThread]: Command end result
[0m22:29:22.371551 [debug] [MainThread]: Resource report: {"command_name": "run", "command_success": true, "command_wall_clock_time": 2.0173163, "process_user_time": 5.624145, "process_kernel_time": 0.175879, "process_mem_max_rss": "102016", "process_out_blocks": "2272", "process_in_blocks": "0"}
[0m22:29:22.373703 [debug] [MainThread]: Command `dbt run` succeeded at 22:29:22.373189 after 2.02 seconds
[0m22:29:22.375332 [debug] [MainThread]: Sending event: {'category': 'dbt', 'action': 'invocation', 'label': 'end', 'context': [<snowplow_tracker.self_describing_json.SelfDescribingJson object at 0x7f26c4c777f0>, <snowplow_tracker.self_describing_json.SelfDescribingJson object at 0x7f26c2136f50>, <snowplow_tracker.self_describing_json.SelfDescribingJson object at 0x7f26c293da20>]}
[0m22:29:22.376867 [debug] [MainThread]: Flushing usage events
[0m22:33:57.606883 [debug] [MainThread]: Sending event: {'category': 'dbt', 'action': 'invocation', 'label': 'start', 'context': [<snowplow_tracker.self_describing_json.SelfDescribingJson object at 0x7f94e019ea10>, <snowplow_tracker.self_describing_json.SelfDescribingJson object at 0x7f94de45e470>, <snowplow_tracker.self_describing_json.SelfDescribingJson object at 0x7f94de45e410>]}


============================== 22:33:57.611469 | 613cf1b0-ec6d-45b3-9814-bf64b6a6250f ==============================
[0m22:33:57.611469 [info ] [MainThread]: Running with dbt=1.7.7
[0m22:33:57.612683 [debug] [MainThread]: running dbt with arguments {'printer_width': '80', 'indirect_selection': 'eager', 'log_cache_events': 'False', 'write_json': 'True', 'partial_parse': 'True', 'cache_selected_only': 'False', 'warn_error': 'None', 'fail_fast': 'False', 'profiles_dir': '/home/agustin/.dbt', 'log_path': '/home/agustin/Documentos/challenge-dbt-airflow/logs', 'debug': 'False', 'version_check': 'True', 'use_colors': 'True', 'use_experimental_parser': 'False', 'no_print': 'None', 'quiet': 'False', 'log_format': 'default', 'static_parser': 'True', 'invocation_command': 'dbt run', 'warn_error_options': 'WarnErrorOptions(include=[], exclude=[])', 'target_path': 'None', 'introspect': 'True', 'send_anonymous_usage_stats': 'True'}
[0m22:33:57.995473 [debug] [MainThread]: Sending event: {'category': 'dbt', 'action': 'project_id', 'label': '613cf1b0-ec6d-45b3-9814-bf64b6a6250f', 'context': [<snowplow_tracker.self_describing_json.SelfDescribingJson object at 0x7f94dddd3a90>]}
[0m22:33:58.174208 [debug] [MainThread]: Sending event: {'category': 'dbt', 'action': 'adapter_info', 'label': '613cf1b0-ec6d-45b3-9814-bf64b6a6250f', 'context': [<snowplow_tracker.self_describing_json.SelfDescribingJson object at 0x7f94dfa9e350>]}
[0m22:33:58.175579 [info ] [MainThread]: Registered adapter: postgres=1.7.7
[0m22:33:58.210747 [debug] [MainThread]: checksum: 54188551c516f4dd1c42b8d9c289f2bf49f18ae42632e2ba36a64ad29fd60da4, vars: {}, profile: , target: , version: 1.7.7
[0m22:33:58.226789 [info ] [MainThread]: Unable to do partial parsing because a project config has changed
[0m22:33:58.227767 [debug] [MainThread]: Sending event: {'category': 'dbt', 'action': 'partial_parser', 'label': '613cf1b0-ec6d-45b3-9814-bf64b6a6250f', 'context': [<snowplow_tracker.self_describing_json.SelfDescribingJson object at 0x7f94dd9b5930>]}
[0m22:34:00.246459 [warn ] [MainThread]: [[33mWARNING[0m]: Configuration paths exist in your dbt_project.yml file which do not apply to any resources.
There are 1 unused configuration paths:
- models.dbt_airflow.challenge.size_by_categoty_province
[0m22:34:00.257022 [debug] [MainThread]: Sending event: {'category': 'dbt', 'action': 'load_project', 'label': '613cf1b0-ec6d-45b3-9814-bf64b6a6250f', 'context': [<snowplow_tracker.self_describing_json.SelfDescribingJson object at 0x7f94dc5ee380>]}
[0m22:34:00.282717 [debug] [MainThread]: Sending event: {'category': 'dbt', 'action': 'resource_counts', 'label': '613cf1b0-ec6d-45b3-9814-bf64b6a6250f', 'context': [<snowplow_tracker.self_describing_json.SelfDescribingJson object at 0x7f94dd9b7be0>]}
[0m22:34:00.283886 [info ] [MainThread]: Found 6 models, 18 tests, 0 sources, 0 exposures, 0 metrics, 401 macros, 0 groups, 0 semantic models
[0m22:34:00.285274 [debug] [MainThread]: Sending event: {'category': 'dbt', 'action': 'runnable_timing', 'label': '613cf1b0-ec6d-45b3-9814-bf64b6a6250f', 'context': [<snowplow_tracker.self_describing_json.SelfDescribingJson object at 0x7f94dc932dd0>]}
[0m22:34:00.291852 [info ] [MainThread]: 
[0m22:34:00.293578 [debug] [MainThread]: Acquiring new postgres connection 'master'
[0m22:34:00.296188 [debug] [ThreadPool]: Acquiring new postgres connection 'list_data-challenge-dbt'
[0m22:34:00.321934 [debug] [ThreadPool]: Using postgres connection "list_data-challenge-dbt"
[0m22:34:00.324146 [debug] [ThreadPool]: On list_data-challenge-dbt: /* {"app": "dbt", "dbt_version": "1.7.7", "profile_name": "dbt_airflow", "target_name": "dev", "connection_name": "list_data-challenge-dbt"} */

    select distinct nspname from pg_namespace
  
[0m22:34:00.325047 [debug] [ThreadPool]: Opening a new connection, currently in state init
[0m22:34:00.334154 [debug] [ThreadPool]: SQL status: SELECT 4 in 0.0 seconds
[0m22:34:00.338737 [debug] [ThreadPool]: On list_data-challenge-dbt: Close
[0m22:34:00.342443 [debug] [ThreadPool]: Re-using an available connection from the pool (formerly list_data-challenge-dbt, now list_data-challenge-dbt_public)
[0m22:34:00.354225 [debug] [ThreadPool]: Using postgres connection "list_data-challenge-dbt_public"
[0m22:34:00.355073 [debug] [ThreadPool]: On list_data-challenge-dbt_public: BEGIN
[0m22:34:00.355793 [debug] [ThreadPool]: Opening a new connection, currently in state closed
[0m22:34:00.361922 [debug] [ThreadPool]: SQL status: BEGIN in 0.0 seconds
[0m22:34:00.362780 [debug] [ThreadPool]: Using postgres connection "list_data-challenge-dbt_public"
[0m22:34:00.363568 [debug] [ThreadPool]: On list_data-challenge-dbt_public: /* {"app": "dbt", "dbt_version": "1.7.7", "profile_name": "dbt_airflow", "target_name": "dev", "connection_name": "list_data-challenge-dbt_public"} */
select
      'data-challenge-dbt' as database,
      tablename as name,
      schemaname as schema,
      'table' as type
    from pg_tables
    where schemaname ilike 'public'
    union all
    select
      'data-challenge-dbt' as database,
      viewname as name,
      schemaname as schema,
      'view' as type
    from pg_views
    where schemaname ilike 'public'
    union all
    select
      'data-challenge-dbt' as database,
      matviewname as name,
      schemaname as schema,
      'materialized_view' as type
    from pg_matviews
    where schemaname ilike 'public'
  
[0m22:34:00.391352 [debug] [ThreadPool]: SQL status: SELECT 3 in 0.0 seconds
[0m22:34:00.393601 [debug] [ThreadPool]: On list_data-challenge-dbt_public: ROLLBACK
[0m22:34:00.394737 [debug] [ThreadPool]: On list_data-challenge-dbt_public: Close
[0m22:34:00.406047 [debug] [MainThread]: Using postgres connection "master"
[0m22:34:00.406885 [debug] [MainThread]: On master: BEGIN
[0m22:34:00.407600 [debug] [MainThread]: Opening a new connection, currently in state init
[0m22:34:00.414135 [debug] [MainThread]: SQL status: BEGIN in 0.0 seconds
[0m22:34:00.415509 [debug] [MainThread]: Using postgres connection "master"
[0m22:34:00.416786 [debug] [MainThread]: On master: /* {"app": "dbt", "dbt_version": "1.7.7", "profile_name": "dbt_airflow", "target_name": "dev", "connection_name": "master"} */
with relation as (
        select
            pg_rewrite.ev_class as class,
            pg_rewrite.oid as id
        from pg_rewrite
    ),
    class as (
        select
            oid as id,
            relname as name,
            relnamespace as schema,
            relkind as kind
        from pg_class
    ),
    dependency as (
        select distinct
            pg_depend.objid as id,
            pg_depend.refobjid as ref
        from pg_depend
    ),
    schema as (
        select
            pg_namespace.oid as id,
            pg_namespace.nspname as name
        from pg_namespace
        where nspname != 'information_schema' and nspname not like 'pg\_%'
    ),
    referenced as (
        select
            relation.id AS id,
            referenced_class.name ,
            referenced_class.schema ,
            referenced_class.kind
        from relation
        join class as referenced_class on relation.class=referenced_class.id
        where referenced_class.kind in ('r', 'v', 'm')
    ),
    relationships as (
        select
            referenced.name as referenced_name,
            referenced.schema as referenced_schema_id,
            dependent_class.name as dependent_name,
            dependent_class.schema as dependent_schema_id,
            referenced.kind as kind
        from referenced
        join dependency on referenced.id=dependency.id
        join class as dependent_class on dependency.ref=dependent_class.id
        where
            (referenced.name != dependent_class.name or
             referenced.schema != dependent_class.schema)
    )

    select
        referenced_schema.name as referenced_schema,
        relationships.referenced_name as referenced_name,
        dependent_schema.name as dependent_schema,
        relationships.dependent_name as dependent_name
    from relationships
    join schema as dependent_schema on relationships.dependent_schema_id=dependent_schema.id
    join schema as referenced_schema on relationships.referenced_schema_id=referenced_schema.id
    group by referenced_schema, referenced_name, dependent_schema, dependent_name
    order by referenced_schema, referenced_name, dependent_schema, dependent_name;
[0m22:34:00.444396 [debug] [MainThread]: SQL status: SELECT 0 in 0.0 seconds
[0m22:34:00.446499 [debug] [MainThread]: Sending event: {'category': 'dbt', 'action': 'runnable_timing', 'label': '613cf1b0-ec6d-45b3-9814-bf64b6a6250f', 'context': [<snowplow_tracker.self_describing_json.SelfDescribingJson object at 0x7f94dc10ef80>]}
[0m22:34:00.447450 [debug] [MainThread]: On master: ROLLBACK
[0m22:34:00.448502 [debug] [MainThread]: Using postgres connection "master"
[0m22:34:00.449262 [debug] [MainThread]: On master: BEGIN
[0m22:34:00.450563 [debug] [MainThread]: SQL status: BEGIN in 0.0 seconds
[0m22:34:00.451352 [debug] [MainThread]: On master: COMMIT
[0m22:34:00.452070 [debug] [MainThread]: Using postgres connection "master"
[0m22:34:00.452765 [debug] [MainThread]: On master: COMMIT
[0m22:34:00.453980 [debug] [MainThread]: SQL status: COMMIT in 0.0 seconds
[0m22:34:00.455339 [debug] [MainThread]: On master: Close
[0m22:34:00.457765 [info ] [MainThread]: Concurrency: 1 threads (target='dev')
[0m22:34:00.459611 [info ] [MainThread]: 
[0m22:34:00.498676 [debug] [Thread-1 (]: Began running node model.dbt_airflow.bibliotecas
[0m22:34:00.501767 [info ] [Thread-1 (]: 1 of 6 START sql table model public.bibliotecas ................................ [RUN]
[0m22:34:00.505625 [debug] [Thread-1 (]: Re-using an available connection from the pool (formerly list_data-challenge-dbt_public, now model.dbt_airflow.bibliotecas)
[0m22:34:00.507810 [debug] [Thread-1 (]: Began compiling node model.dbt_airflow.bibliotecas
[0m22:34:00.525175 [debug] [Thread-1 (]: Writing injected SQL for node "model.dbt_airflow.bibliotecas"
[0m22:34:00.527284 [debug] [Thread-1 (]: Timing info for model.dbt_airflow.bibliotecas (compile): 22:34:00.509271 => 22:34:00.526666
[0m22:34:00.528176 [debug] [Thread-1 (]: Began executing node model.dbt_airflow.bibliotecas
[0m22:34:00.604361 [debug] [Thread-1 (]: Writing runtime sql for node "model.dbt_airflow.bibliotecas"
[0m22:34:00.605988 [debug] [Thread-1 (]: Using postgres connection "model.dbt_airflow.bibliotecas"
[0m22:34:00.606888 [debug] [Thread-1 (]: On model.dbt_airflow.bibliotecas: BEGIN
[0m22:34:00.607709 [debug] [Thread-1 (]: Opening a new connection, currently in state closed
[0m22:34:00.614497 [debug] [Thread-1 (]: SQL status: BEGIN in 0.0 seconds
[0m22:34:00.616107 [debug] [Thread-1 (]: Using postgres connection "model.dbt_airflow.bibliotecas"
[0m22:34:00.617772 [debug] [Thread-1 (]: On model.dbt_airflow.bibliotecas: /* {"app": "dbt", "dbt_version": "1.7.7", "profile_name": "dbt_airflow", "target_name": "dev", "node_id": "model.dbt_airflow.bibliotecas"} */

  
    

  create  table "data-challenge-dbt"."public"."bibliotecas__dbt_tmp"
  
  
    as
  
  (
    

select
    "cod_localidad" as cod_localidad,
    "id_provincia" as id_provincia,
    "id_departamento" as id_departamento,
    "provincia" as provincia,
    "categoria" as categoria,
    "domicilio" as domicilio,
    "cp" as codigo_postal,
    "localidad" as localidad,
    "nombre" as nombre,
    "telefono" as telefono,
    "mail" as mail,
    "web" as web
FROM raw_biblioteca
  );
  
[0m22:34:00.704786 [debug] [Thread-1 (]: SQL status: SELECT 1902 in 0.0 seconds
[0m22:34:00.727876 [debug] [Thread-1 (]: Using postgres connection "model.dbt_airflow.bibliotecas"
[0m22:34:00.729063 [debug] [Thread-1 (]: On model.dbt_airflow.bibliotecas: /* {"app": "dbt", "dbt_version": "1.7.7", "profile_name": "dbt_airflow", "target_name": "dev", "node_id": "model.dbt_airflow.bibliotecas"} */
alter table "data-challenge-dbt"."public"."bibliotecas__dbt_tmp" rename to "bibliotecas"
[0m22:34:00.730802 [debug] [Thread-1 (]: SQL status: ALTER TABLE in 0.0 seconds
[0m22:34:00.763614 [debug] [Thread-1 (]: On model.dbt_airflow.bibliotecas: COMMIT
[0m22:34:00.764571 [debug] [Thread-1 (]: Using postgres connection "model.dbt_airflow.bibliotecas"
[0m22:34:00.765710 [debug] [Thread-1 (]: On model.dbt_airflow.bibliotecas: COMMIT
[0m22:34:00.799708 [debug] [Thread-1 (]: SQL status: COMMIT in 0.0 seconds
[0m22:34:00.811432 [debug] [Thread-1 (]: Applying DROP to: "data-challenge-dbt"."public"."bibliotecas__dbt_backup"
[0m22:34:00.820155 [debug] [Thread-1 (]: Using postgres connection "model.dbt_airflow.bibliotecas"
[0m22:34:00.821140 [debug] [Thread-1 (]: On model.dbt_airflow.bibliotecas: /* {"app": "dbt", "dbt_version": "1.7.7", "profile_name": "dbt_airflow", "target_name": "dev", "node_id": "model.dbt_airflow.bibliotecas"} */
drop table if exists "data-challenge-dbt"."public"."bibliotecas__dbt_backup" cascade
[0m22:34:00.823112 [debug] [Thread-1 (]: SQL status: DROP TABLE in 0.0 seconds
[0m22:34:00.827207 [debug] [Thread-1 (]: Timing info for model.dbt_airflow.bibliotecas (execute): 22:34:00.528701 => 22:34:00.826270
[0m22:34:00.828476 [debug] [Thread-1 (]: On model.dbt_airflow.bibliotecas: Close
[0m22:34:00.831015 [debug] [Thread-1 (]: Sending event: {'category': 'dbt', 'action': 'run_model', 'label': '613cf1b0-ec6d-45b3-9814-bf64b6a6250f', 'context': [<snowplow_tracker.self_describing_json.SelfDescribingJson object at 0x7f94dc159ae0>]}
[0m22:34:00.834069 [info ] [Thread-1 (]: 1 of 6 OK created sql table model public.bibliotecas ........................... [[32mSELECT 1902[0m in 0.33s]
[0m22:34:00.836679 [debug] [Thread-1 (]: Finished running node model.dbt_airflow.bibliotecas
[0m22:34:00.838362 [debug] [Thread-1 (]: Began running node model.dbt_airflow.cines
[0m22:34:00.840519 [info ] [Thread-1 (]: 2 of 6 START sql table model public.cines ...................................... [RUN]
[0m22:34:00.843175 [debug] [Thread-1 (]: Re-using an available connection from the pool (formerly model.dbt_airflow.bibliotecas, now model.dbt_airflow.cines)
[0m22:34:00.845199 [debug] [Thread-1 (]: Began compiling node model.dbt_airflow.cines
[0m22:34:00.854849 [debug] [Thread-1 (]: Writing injected SQL for node "model.dbt_airflow.cines"
[0m22:34:00.856620 [debug] [Thread-1 (]: Timing info for model.dbt_airflow.cines (compile): 22:34:00.846477 => 22:34:00.855703
[0m22:34:00.858294 [debug] [Thread-1 (]: Began executing node model.dbt_airflow.cines
[0m22:34:00.869257 [debug] [Thread-1 (]: Writing runtime sql for node "model.dbt_airflow.cines"
[0m22:34:00.870859 [debug] [Thread-1 (]: Using postgres connection "model.dbt_airflow.cines"
[0m22:34:00.871917 [debug] [Thread-1 (]: On model.dbt_airflow.cines: BEGIN
[0m22:34:00.872931 [debug] [Thread-1 (]: Opening a new connection, currently in state closed
[0m22:34:00.881627 [debug] [Thread-1 (]: SQL status: BEGIN in 0.0 seconds
[0m22:34:00.883429 [debug] [Thread-1 (]: Using postgres connection "model.dbt_airflow.cines"
[0m22:34:00.885088 [debug] [Thread-1 (]: On model.dbt_airflow.cines: /* {"app": "dbt", "dbt_version": "1.7.7", "profile_name": "dbt_airflow", "target_name": "dev", "node_id": "model.dbt_airflow.cines"} */

  
    

  create  table "data-challenge-dbt"."public"."cines__dbt_tmp"
  
  
    as
  
  (
    -- Antes hay que crear las siguientes columnas: telefono y mail



select
    "cod_localidad" as cod_localidad,
    "id_provincia" as id_provincia,
    "id_departamento" as id_departamento,
    "provincia" as provincia,
    "categoria" as categoria,
    "direccion" as domicilio,
    "cp" as codigo_postal,
    "localidad" as localidad,
    "nombre" as nombre,
    NULL as telefono,
    NULL as mail,
    "web" as web
FROM raw_cine
  );
  
[0m22:34:00.942479 [debug] [Thread-1 (]: SQL status: SELECT 316 in 0.0 seconds
[0m22:34:00.957816 [debug] [Thread-1 (]: Using postgres connection "model.dbt_airflow.cines"
[0m22:34:00.960565 [debug] [Thread-1 (]: On model.dbt_airflow.cines: /* {"app": "dbt", "dbt_version": "1.7.7", "profile_name": "dbt_airflow", "target_name": "dev", "node_id": "model.dbt_airflow.cines"} */
alter table "data-challenge-dbt"."public"."cines__dbt_tmp" rename to "cines"
[0m22:34:00.962607 [debug] [Thread-1 (]: SQL status: ALTER TABLE in 0.0 seconds
[0m22:34:00.967226 [debug] [Thread-1 (]: On model.dbt_airflow.cines: COMMIT
[0m22:34:00.968258 [debug] [Thread-1 (]: Using postgres connection "model.dbt_airflow.cines"
[0m22:34:00.969101 [debug] [Thread-1 (]: On model.dbt_airflow.cines: COMMIT
[0m22:34:00.988636 [debug] [Thread-1 (]: SQL status: COMMIT in 0.0 seconds
[0m22:34:00.994095 [debug] [Thread-1 (]: Applying DROP to: "data-challenge-dbt"."public"."cines__dbt_backup"
[0m22:34:00.996109 [debug] [Thread-1 (]: Using postgres connection "model.dbt_airflow.cines"
[0m22:34:00.997223 [debug] [Thread-1 (]: On model.dbt_airflow.cines: /* {"app": "dbt", "dbt_version": "1.7.7", "profile_name": "dbt_airflow", "target_name": "dev", "node_id": "model.dbt_airflow.cines"} */
drop table if exists "data-challenge-dbt"."public"."cines__dbt_backup" cascade
[0m22:34:00.999545 [debug] [Thread-1 (]: SQL status: DROP TABLE in 0.0 seconds
[0m22:34:01.002846 [debug] [Thread-1 (]: Timing info for model.dbt_airflow.cines (execute): 22:34:00.859260 => 22:34:01.002390
[0m22:34:01.003767 [debug] [Thread-1 (]: On model.dbt_airflow.cines: Close
[0m22:34:01.005969 [debug] [Thread-1 (]: Sending event: {'category': 'dbt', 'action': 'run_model', 'label': '613cf1b0-ec6d-45b3-9814-bf64b6a6250f', 'context': [<snowplow_tracker.self_describing_json.SelfDescribingJson object at 0x7f94dc5c8280>]}
[0m22:34:01.008567 [info ] [Thread-1 (]: 2 of 6 OK created sql table model public.cines ................................. [[32mSELECT 316[0m in 0.16s]
[0m22:34:01.010365 [debug] [Thread-1 (]: Finished running node model.dbt_airflow.cines
[0m22:34:01.011482 [debug] [Thread-1 (]: Began running node model.dbt_airflow.cines_insights
[0m22:34:01.012871 [info ] [Thread-1 (]: 3 of 6 START sql table model public.cines_insights ............................. [RUN]
[0m22:34:01.014823 [debug] [Thread-1 (]: Re-using an available connection from the pool (formerly model.dbt_airflow.cines, now model.dbt_airflow.cines_insights)
[0m22:34:01.016647 [debug] [Thread-1 (]: Began compiling node model.dbt_airflow.cines_insights
[0m22:34:01.027316 [debug] [Thread-1 (]: Writing injected SQL for node "model.dbt_airflow.cines_insights"
[0m22:34:01.029594 [debug] [Thread-1 (]: Timing info for model.dbt_airflow.cines_insights (compile): 22:34:01.017863 => 22:34:01.029053
[0m22:34:01.030488 [debug] [Thread-1 (]: Began executing node model.dbt_airflow.cines_insights
[0m22:34:01.043083 [debug] [Thread-1 (]: Writing runtime sql for node "model.dbt_airflow.cines_insights"
[0m22:34:01.044367 [debug] [Thread-1 (]: Using postgres connection "model.dbt_airflow.cines_insights"
[0m22:34:01.045204 [debug] [Thread-1 (]: On model.dbt_airflow.cines_insights: BEGIN
[0m22:34:01.046182 [debug] [Thread-1 (]: Opening a new connection, currently in state closed
[0m22:34:01.053694 [debug] [Thread-1 (]: SQL status: BEGIN in 0.0 seconds
[0m22:34:01.055714 [debug] [Thread-1 (]: Using postgres connection "model.dbt_airflow.cines_insights"
[0m22:34:01.057190 [debug] [Thread-1 (]: On model.dbt_airflow.cines_insights: /* {"app": "dbt", "dbt_version": "1.7.7", "profile_name": "dbt_airflow", "target_name": "dev", "node_id": "model.dbt_airflow.cines_insights"} */

  
    

  create  table "data-challenge-dbt"."public"."cines_insights__dbt_tmp"
  
  
    as
  
  (
    

SELECT 
"provincia" AS provincia,
SUM("pantallas") AS pantallas,
SUM("butacas") AS butacas,
COUNT(CASE WHEN "espacio_incaa" = 'Si' THEN 1 END) AS espacios_incaa
FROM raw_cine
GROUP BY "provincia"


/*
COLUMNAS raw_cine
'cod_localidad', 'id_provincia', 'id_departamento', 'categoria',
'provincia', 'departamento', 'localidad', 'nombre', 'direccion', 'piso',
'cp', 'web', 'latitud', 'longitud', 'tipo_latitud_longitud', 'fuente',
'sector', 'pantallas', 'butacas', 'tipo_de_gestion', 'espacio_incaa',
'año_actualizacion'
*/
  );
  
[0m22:34:01.129664 [debug] [Thread-1 (]: SQL status: SELECT 24 in 0.0 seconds
[0m22:34:01.146071 [debug] [Thread-1 (]: Using postgres connection "model.dbt_airflow.cines_insights"
[0m22:34:01.148479 [debug] [Thread-1 (]: On model.dbt_airflow.cines_insights: /* {"app": "dbt", "dbt_version": "1.7.7", "profile_name": "dbt_airflow", "target_name": "dev", "node_id": "model.dbt_airflow.cines_insights"} */
alter table "data-challenge-dbt"."public"."cines_insights__dbt_tmp" rename to "cines_insights"
[0m22:34:01.151751 [debug] [Thread-1 (]: SQL status: ALTER TABLE in 0.0 seconds
[0m22:34:01.159224 [debug] [Thread-1 (]: On model.dbt_airflow.cines_insights: COMMIT
[0m22:34:01.160405 [debug] [Thread-1 (]: Using postgres connection "model.dbt_airflow.cines_insights"
[0m22:34:01.161444 [debug] [Thread-1 (]: On model.dbt_airflow.cines_insights: COMMIT
[0m22:34:01.178143 [debug] [Thread-1 (]: SQL status: COMMIT in 0.0 seconds
[0m22:34:01.183410 [debug] [Thread-1 (]: Applying DROP to: "data-challenge-dbt"."public"."cines_insights__dbt_backup"
[0m22:34:01.185616 [debug] [Thread-1 (]: Using postgres connection "model.dbt_airflow.cines_insights"
[0m22:34:01.186949 [debug] [Thread-1 (]: On model.dbt_airflow.cines_insights: /* {"app": "dbt", "dbt_version": "1.7.7", "profile_name": "dbt_airflow", "target_name": "dev", "node_id": "model.dbt_airflow.cines_insights"} */
drop table if exists "data-challenge-dbt"."public"."cines_insights__dbt_backup" cascade
[0m22:34:01.188301 [debug] [Thread-1 (]: SQL status: DROP TABLE in 0.0 seconds
[0m22:34:01.191146 [debug] [Thread-1 (]: Timing info for model.dbt_airflow.cines_insights (execute): 22:34:01.031084 => 22:34:01.190694
[0m22:34:01.192008 [debug] [Thread-1 (]: On model.dbt_airflow.cines_insights: Close
[0m22:34:01.194316 [debug] [Thread-1 (]: Sending event: {'category': 'dbt', 'action': 'run_model', 'label': '613cf1b0-ec6d-45b3-9814-bf64b6a6250f', 'context': [<snowplow_tracker.self_describing_json.SelfDescribingJson object at 0x7f94dc5ec610>]}
[0m22:34:01.196869 [info ] [Thread-1 (]: 3 of 6 OK created sql table model public.cines_insights ........................ [[32mSELECT 24[0m in 0.18s]
[0m22:34:01.198448 [debug] [Thread-1 (]: Finished running node model.dbt_airflow.cines_insights
[0m22:34:01.199394 [debug] [Thread-1 (]: Began running node model.dbt_airflow.museos
[0m22:34:01.200579 [info ] [Thread-1 (]: 4 of 6 START sql table model public.museos ..................................... [RUN]
[0m22:34:01.202292 [debug] [Thread-1 (]: Re-using an available connection from the pool (formerly model.dbt_airflow.cines_insights, now model.dbt_airflow.museos)
[0m22:34:01.203764 [debug] [Thread-1 (]: Began compiling node model.dbt_airflow.museos
[0m22:34:01.215872 [debug] [Thread-1 (]: Writing injected SQL for node "model.dbt_airflow.museos"
[0m22:34:01.217485 [debug] [Thread-1 (]: Timing info for model.dbt_airflow.museos (compile): 22:34:01.204921 => 22:34:01.216771
[0m22:34:01.218552 [debug] [Thread-1 (]: Began executing node model.dbt_airflow.museos
[0m22:34:01.231320 [debug] [Thread-1 (]: Writing runtime sql for node "model.dbt_airflow.museos"
[0m22:34:01.232527 [debug] [Thread-1 (]: Using postgres connection "model.dbt_airflow.museos"
[0m22:34:01.233830 [debug] [Thread-1 (]: On model.dbt_airflow.museos: BEGIN
[0m22:34:01.235063 [debug] [Thread-1 (]: Opening a new connection, currently in state closed
[0m22:34:01.243628 [debug] [Thread-1 (]: SQL status: BEGIN in 0.0 seconds
[0m22:34:01.244557 [debug] [Thread-1 (]: Using postgres connection "model.dbt_airflow.museos"
[0m22:34:01.245395 [debug] [Thread-1 (]: On model.dbt_airflow.museos: /* {"app": "dbt", "dbt_version": "1.7.7", "profile_name": "dbt_airflow", "target_name": "dev", "node_id": "model.dbt_airflow.museos"} */

  
    

  create  table "data-challenge-dbt"."public"."museos__dbt_tmp"
  
  
    as
  
  (
    

select
    "Cod_Loc" as cod_localidad,
    "IdProvincia" as id_provincia,
    "IdDepartamento" as id_departamento,
    "provincia" as provincia,
    "categoria" as categoria,
    "direccion" as domicilio,
    "CP" as codigo_postal,
    "localidad" as localidad,
    "nombre" as nombre,
    "telefono" as telefono,
    "Mail" as mail,
    "Web" as web
FROM raw_museo
  );
  
[0m22:34:01.304584 [debug] [Thread-1 (]: SQL status: SELECT 1182 in 0.0 seconds
[0m22:34:01.320600 [debug] [Thread-1 (]: Using postgres connection "model.dbt_airflow.museos"
[0m22:34:01.322214 [debug] [Thread-1 (]: On model.dbt_airflow.museos: /* {"app": "dbt", "dbt_version": "1.7.7", "profile_name": "dbt_airflow", "target_name": "dev", "node_id": "model.dbt_airflow.museos"} */
alter table "data-challenge-dbt"."public"."museos__dbt_tmp" rename to "museos"
[0m22:34:01.324565 [debug] [Thread-1 (]: SQL status: ALTER TABLE in 0.0 seconds
[0m22:34:01.329533 [debug] [Thread-1 (]: On model.dbt_airflow.museos: COMMIT
[0m22:34:01.330504 [debug] [Thread-1 (]: Using postgres connection "model.dbt_airflow.museos"
[0m22:34:01.331345 [debug] [Thread-1 (]: On model.dbt_airflow.museos: COMMIT
[0m22:34:01.358180 [debug] [Thread-1 (]: SQL status: COMMIT in 0.0 seconds
[0m22:34:01.363522 [debug] [Thread-1 (]: Applying DROP to: "data-challenge-dbt"."public"."museos__dbt_backup"
[0m22:34:01.365434 [debug] [Thread-1 (]: Using postgres connection "model.dbt_airflow.museos"
[0m22:34:01.366329 [debug] [Thread-1 (]: On model.dbt_airflow.museos: /* {"app": "dbt", "dbt_version": "1.7.7", "profile_name": "dbt_airflow", "target_name": "dev", "node_id": "model.dbt_airflow.museos"} */
drop table if exists "data-challenge-dbt"."public"."museos__dbt_backup" cascade
[0m22:34:01.367677 [debug] [Thread-1 (]: SQL status: DROP TABLE in 0.0 seconds
[0m22:34:01.370645 [debug] [Thread-1 (]: Timing info for model.dbt_airflow.museos (execute): 22:34:01.219676 => 22:34:01.370190
[0m22:34:01.371994 [debug] [Thread-1 (]: On model.dbt_airflow.museos: Close
[0m22:34:01.373952 [debug] [Thread-1 (]: Sending event: {'category': 'dbt', 'action': 'run_model', 'label': '613cf1b0-ec6d-45b3-9814-bf64b6a6250f', 'context': [<snowplow_tracker.self_describing_json.SelfDescribingJson object at 0x7f94dc5c9870>]}
[0m22:34:01.375285 [info ] [Thread-1 (]: 4 of 6 OK created sql table model public.museos ................................ [[32mSELECT 1182[0m in 0.17s]
[0m22:34:01.376885 [debug] [Thread-1 (]: Finished running node model.dbt_airflow.museos
[0m22:34:01.377976 [debug] [Thread-1 (]: Began running node model.dbt_airflow.size_by_category
[0m22:34:01.379141 [info ] [Thread-1 (]: 5 of 6 START sql table model public.size_by_category ........................... [RUN]
[0m22:34:01.380852 [debug] [Thread-1 (]: Re-using an available connection from the pool (formerly model.dbt_airflow.museos, now model.dbt_airflow.size_by_category)
[0m22:34:01.382129 [debug] [Thread-1 (]: Began compiling node model.dbt_airflow.size_by_category
[0m22:34:01.390186 [debug] [Thread-1 (]: Writing injected SQL for node "model.dbt_airflow.size_by_category"
[0m22:34:01.393643 [debug] [Thread-1 (]: Timing info for model.dbt_airflow.size_by_category (compile): 22:34:01.383254 => 22:34:01.392386
[0m22:34:01.394670 [debug] [Thread-1 (]: Began executing node model.dbt_airflow.size_by_category
[0m22:34:01.403862 [debug] [Thread-1 (]: Writing runtime sql for node "model.dbt_airflow.size_by_category"
[0m22:34:01.406710 [debug] [Thread-1 (]: Using postgres connection "model.dbt_airflow.size_by_category"
[0m22:34:01.408559 [debug] [Thread-1 (]: On model.dbt_airflow.size_by_category: BEGIN
[0m22:34:01.409924 [debug] [Thread-1 (]: Opening a new connection, currently in state closed
[0m22:34:01.416860 [debug] [Thread-1 (]: SQL status: BEGIN in 0.0 seconds
[0m22:34:01.418177 [debug] [Thread-1 (]: Using postgres connection "model.dbt_airflow.size_by_category"
[0m22:34:01.419090 [debug] [Thread-1 (]: On model.dbt_airflow.size_by_category: /* {"app": "dbt", "dbt_version": "1.7.7", "profile_name": "dbt_airflow", "target_name": "dev", "node_id": "model.dbt_airflow.size_by_category"} */

  
    

  create  table "data-challenge-dbt"."public"."size_by_category__dbt_tmp"
  
  
    as
  
  (
    

WITH categorias AS (
    SELECT categoria FROM cines
    UNION ALL
    SELECT categoria FROM museos
    UNION ALL
    SELECT categoria FROM bibliotecas
)

SELECT
    categoria,
    COUNT(*) AS cantidad
FROM categorias
GROUP BY categoria
  );
  
[0m22:34:01.479997 [debug] [Thread-1 (]: SQL status: SELECT 3 in 0.0 seconds
[0m22:34:01.496599 [debug] [Thread-1 (]: Using postgres connection "model.dbt_airflow.size_by_category"
[0m22:34:01.499253 [debug] [Thread-1 (]: On model.dbt_airflow.size_by_category: /* {"app": "dbt", "dbt_version": "1.7.7", "profile_name": "dbt_airflow", "target_name": "dev", "node_id": "model.dbt_airflow.size_by_category"} */
alter table "data-challenge-dbt"."public"."size_by_category__dbt_tmp" rename to "size_by_category"
[0m22:34:01.503157 [debug] [Thread-1 (]: SQL status: ALTER TABLE in 0.0 seconds
[0m22:34:01.511826 [debug] [Thread-1 (]: On model.dbt_airflow.size_by_category: COMMIT
[0m22:34:01.513621 [debug] [Thread-1 (]: Using postgres connection "model.dbt_airflow.size_by_category"
[0m22:34:01.515000 [debug] [Thread-1 (]: On model.dbt_airflow.size_by_category: COMMIT
[0m22:34:01.543598 [debug] [Thread-1 (]: SQL status: COMMIT in 0.0 seconds
[0m22:34:01.551364 [debug] [Thread-1 (]: Applying DROP to: "data-challenge-dbt"."public"."size_by_category__dbt_backup"
[0m22:34:01.553368 [debug] [Thread-1 (]: Using postgres connection "model.dbt_airflow.size_by_category"
[0m22:34:01.554331 [debug] [Thread-1 (]: On model.dbt_airflow.size_by_category: /* {"app": "dbt", "dbt_version": "1.7.7", "profile_name": "dbt_airflow", "target_name": "dev", "node_id": "model.dbt_airflow.size_by_category"} */
drop table if exists "data-challenge-dbt"."public"."size_by_category__dbt_backup" cascade
[0m22:34:01.555688 [debug] [Thread-1 (]: SQL status: DROP TABLE in 0.0 seconds
[0m22:34:01.558565 [debug] [Thread-1 (]: Timing info for model.dbt_airflow.size_by_category (execute): 22:34:01.395214 => 22:34:01.558079
[0m22:34:01.559470 [debug] [Thread-1 (]: On model.dbt_airflow.size_by_category: Close
[0m22:34:01.561335 [debug] [Thread-1 (]: Sending event: {'category': 'dbt', 'action': 'run_model', 'label': '613cf1b0-ec6d-45b3-9814-bf64b6a6250f', 'context': [<snowplow_tracker.self_describing_json.SelfDescribingJson object at 0x7f94db7164d0>]}
[0m22:34:01.562748 [info ] [Thread-1 (]: 5 of 6 OK created sql table model public.size_by_category ...................... [[32mSELECT 3[0m in 0.18s]
[0m22:34:01.564280 [debug] [Thread-1 (]: Finished running node model.dbt_airflow.size_by_category
[0m22:34:01.565286 [debug] [Thread-1 (]: Began running node model.dbt_airflow.size_by_category_province
[0m22:34:01.566520 [info ] [Thread-1 (]: 6 of 6 START sql table model public.size_by_category_province .................. [RUN]
[0m22:34:01.568016 [debug] [Thread-1 (]: Re-using an available connection from the pool (formerly model.dbt_airflow.size_by_category, now model.dbt_airflow.size_by_category_province)
[0m22:34:01.569152 [debug] [Thread-1 (]: Began compiling node model.dbt_airflow.size_by_category_province
[0m22:34:01.581675 [debug] [Thread-1 (]: Writing injected SQL for node "model.dbt_airflow.size_by_category_province"
[0m22:34:01.583803 [debug] [Thread-1 (]: Timing info for model.dbt_airflow.size_by_category_province (compile): 22:34:01.570376 => 22:34:01.582942
[0m22:34:01.585079 [debug] [Thread-1 (]: Began executing node model.dbt_airflow.size_by_category_province
[0m22:34:01.598130 [debug] [Thread-1 (]: Writing runtime sql for node "model.dbt_airflow.size_by_category_province"
[0m22:34:01.599370 [debug] [Thread-1 (]: Using postgres connection "model.dbt_airflow.size_by_category_province"
[0m22:34:01.600621 [debug] [Thread-1 (]: On model.dbt_airflow.size_by_category_province: BEGIN
[0m22:34:01.601814 [debug] [Thread-1 (]: Opening a new connection, currently in state closed
[0m22:34:01.610699 [debug] [Thread-1 (]: SQL status: BEGIN in 0.0 seconds
[0m22:34:01.612320 [debug] [Thread-1 (]: Using postgres connection "model.dbt_airflow.size_by_category_province"
[0m22:34:01.613641 [debug] [Thread-1 (]: On model.dbt_airflow.size_by_category_province: /* {"app": "dbt", "dbt_version": "1.7.7", "profile_name": "dbt_airflow", "target_name": "dev", "node_id": "model.dbt_airflow.size_by_category_province"} */

  
    

  create  table "data-challenge-dbt"."public"."size_by_category_province__dbt_tmp"
  
  
    as
  
  (
    

WITH categorias AS (
    SELECT categoria, provincia
    FROM "data-challenge-dbt"."public"."cines"
    UNION ALL
    SELECT categoria, provincia
    FROM "data-challenge-dbt"."public"."museos"
    UNION ALL
    SELECT categoria, provincia
    FROM "data-challenge-dbt"."public"."bibliotecas"
)

SELECT
    categoria,
    provincia,
    COUNT(*) AS cantidad
FROM categorias
GROUP BY categoria, provincia
  );
  
[0m22:34:01.669855 [debug] [Thread-1 (]: SQL status: SELECT 72 in 0.0 seconds
[0m22:34:01.686090 [debug] [Thread-1 (]: Using postgres connection "model.dbt_airflow.size_by_category_province"
[0m22:34:01.688649 [debug] [Thread-1 (]: On model.dbt_airflow.size_by_category_province: /* {"app": "dbt", "dbt_version": "1.7.7", "profile_name": "dbt_airflow", "target_name": "dev", "node_id": "model.dbt_airflow.size_by_category_province"} */
alter table "data-challenge-dbt"."public"."size_by_category_province__dbt_tmp" rename to "size_by_category_province"
[0m22:34:01.691528 [debug] [Thread-1 (]: SQL status: ALTER TABLE in 0.0 seconds
[0m22:34:01.697278 [debug] [Thread-1 (]: On model.dbt_airflow.size_by_category_province: COMMIT
[0m22:34:01.698529 [debug] [Thread-1 (]: Using postgres connection "model.dbt_airflow.size_by_category_province"
[0m22:34:01.699590 [debug] [Thread-1 (]: On model.dbt_airflow.size_by_category_province: COMMIT
[0m22:34:01.721477 [debug] [Thread-1 (]: SQL status: COMMIT in 0.0 seconds
[0m22:34:01.727085 [debug] [Thread-1 (]: Applying DROP to: "data-challenge-dbt"."public"."size_by_category_province__dbt_backup"
[0m22:34:01.729071 [debug] [Thread-1 (]: Using postgres connection "model.dbt_airflow.size_by_category_province"
[0m22:34:01.729982 [debug] [Thread-1 (]: On model.dbt_airflow.size_by_category_province: /* {"app": "dbt", "dbt_version": "1.7.7", "profile_name": "dbt_airflow", "target_name": "dev", "node_id": "model.dbt_airflow.size_by_category_province"} */
drop table if exists "data-challenge-dbt"."public"."size_by_category_province__dbt_backup" cascade
[0m22:34:01.731320 [debug] [Thread-1 (]: SQL status: DROP TABLE in 0.0 seconds
[0m22:34:01.734212 [debug] [Thread-1 (]: Timing info for model.dbt_airflow.size_by_category_province (execute): 22:34:01.586182 => 22:34:01.733709
[0m22:34:01.735094 [debug] [Thread-1 (]: On model.dbt_airflow.size_by_category_province: Close
[0m22:34:01.737341 [debug] [Thread-1 (]: Sending event: {'category': 'dbt', 'action': 'run_model', 'label': '613cf1b0-ec6d-45b3-9814-bf64b6a6250f', 'context': [<snowplow_tracker.self_describing_json.SelfDescribingJson object at 0x7f94dc10ce20>]}
[0m22:34:01.740028 [info ] [Thread-1 (]: 6 of 6 OK created sql table model public.size_by_category_province ............. [[32mSELECT 72[0m in 0.17s]
[0m22:34:01.742203 [debug] [Thread-1 (]: Finished running node model.dbt_airflow.size_by_category_province
[0m22:34:01.744566 [debug] [MainThread]: Using postgres connection "master"
[0m22:34:01.745531 [debug] [MainThread]: On master: BEGIN
[0m22:34:01.746546 [debug] [MainThread]: Opening a new connection, currently in state closed
[0m22:34:01.753842 [debug] [MainThread]: SQL status: BEGIN in 0.0 seconds
[0m22:34:01.755760 [debug] [MainThread]: On master: COMMIT
[0m22:34:01.758583 [debug] [MainThread]: Using postgres connection "master"
[0m22:34:01.760604 [debug] [MainThread]: On master: COMMIT
[0m22:34:01.762219 [debug] [MainThread]: SQL status: COMMIT in 0.0 seconds
[0m22:34:01.763201 [debug] [MainThread]: On master: Close
[0m22:34:01.766082 [debug] [MainThread]: Connection 'master' was properly closed.
[0m22:34:01.768003 [debug] [MainThread]: Connection 'model.dbt_airflow.size_by_category_province' was properly closed.
[0m22:34:01.770551 [info ] [MainThread]: 
[0m22:34:01.775034 [info ] [MainThread]: Finished running 6 table models in 0 hours 0 minutes and 1.48 seconds (1.48s).
[0m22:34:01.780053 [debug] [MainThread]: Command end result
[0m22:34:01.820304 [info ] [MainThread]: 
[0m22:34:01.822721 [info ] [MainThread]: [32mCompleted successfully[0m
[0m22:34:01.825492 [info ] [MainThread]: 
[0m22:34:01.827579 [info ] [MainThread]: Done. PASS=6 WARN=0 ERROR=0 SKIP=0 TOTAL=6
[0m22:34:01.829916 [debug] [MainThread]: Resource report: {"command_name": "run", "command_success": true, "command_wall_clock_time": 4.3047132, "process_user_time": 6.879218, "process_kernel_time": 0.219974, "process_mem_max_rss": "113024", "process_in_blocks": "624", "process_out_blocks": "2792"}
[0m22:34:01.832296 [debug] [MainThread]: Command `dbt run` succeeded at 22:34:01.831893 after 4.31 seconds
[0m22:34:01.833850 [debug] [MainThread]: Sending event: {'category': 'dbt', 'action': 'invocation', 'label': 'end', 'context': [<snowplow_tracker.self_describing_json.SelfDescribingJson object at 0x7f94e019ea10>, <snowplow_tracker.self_describing_json.SelfDescribingJson object at 0x7f94dd186b60>, <snowplow_tracker.self_describing_json.SelfDescribingJson object at 0x7f94dcdea830>]}
[0m22:34:01.835862 [debug] [MainThread]: Flushing usage events
